<?xml version="1.0" encoding="UTF-8"?>
<coverage generated="1523773109163" clover="3.2.0">
  <project timestamp="1523773109163" name="All files">
    <metrics statements="73" coveredstatements="66" conditionals="26" coveredconditionals="25" methods="23" coveredmethods="20" elements="122" coveredelements="111" complexity="0" loc="73" ncloc="73" packages="8" files="14" classes="14">
      <package name="src.js.actions">
        <metrics statements="5" coveredstatements="5" conditionals="0" coveredconditionals="0" methods="5" coveredmethods="5"/>
        <file name="index.js" path="/Users/yassermahmud/class102/Labs/icb-month-5/icb-m5-lec1/Youtube Saga 2/src/js/actions/index.js">
          <metrics statements="5" coveredstatements="5" conditionals="0" coveredconditionals="0" methods="5" coveredmethods="5"/>
          <line num="5" count="15" type="stmt"/>
          <line num="11" count="12" type="stmt"/>
          <line num="18" count="8" type="stmt"/>
          <line num="25" count="8" type="stmt"/>
          <line num="32" count="12" type="stmt"/>
        </file>
      </package>
      <package name="src.js.api">
        <metrics statements="5" coveredstatements="0" conditionals="0" coveredconditionals="0" methods="1" coveredmethods="0"/>
        <file name="index.js" path="/Users/yassermahmud/class102/Labs/icb-month-5/icb-m5-lec1/Youtube Saga 2/src/js/api/index.js">
          <metrics statements="5" coveredstatements="0" conditionals="0" coveredconditionals="0" methods="1" coveredmethods="0"/>
          <line num="4" count="0" type="stmt"/>
          <line num="5" count="0" type="stmt"/>
          <line num="6" count="0" type="stmt"/>
          <line num="7" count="0" type="stmt"/>
          <line num="8" count="0" type="stmt"/>
        </file>
      </package>
      <package name="src.js.components">
        <metrics statements="33" coveredstatements="31" conditionals="12" coveredconditionals="11" methods="13" coveredmethods="11"/>
        <file name="App.jsx" path="/Users/yassermahmud/class102/Labs/icb-month-5/icb-m5-lec1/Youtube Saga 2/src/js/components/App.jsx">
          <metrics statements="3" coveredstatements="3" conditionals="0" coveredconditionals="0" methods="2" coveredmethods="2"/>
          <line num="16" count="2" type="stmt"/>
          <line num="18" count="2" type="stmt"/>
          <line num="22" count="2" type="stmt"/>
        </file>
        <file name="Nav.jsx" path="/Users/yassermahmud/class102/Labs/icb-month-5/icb-m5-lec1/Youtube Saga 2/src/js/components/Nav.jsx">
          <metrics statements="3" coveredstatements="3" conditionals="0" coveredconditionals="0" methods="1" coveredmethods="1"/>
          <line num="8" count="2" type="stmt"/>
          <line num="9" count="2" type="stmt"/>
          <line num="14" count="2" type="stmt"/>
        </file>
        <file name="Search.jsx" path="/Users/yassermahmud/class102/Labs/icb-month-5/icb-m5-lec1/Youtube Saga 2/src/js/components/Search.jsx">
          <metrics statements="4" coveredstatements="4" conditionals="0" coveredconditionals="0" methods="2" coveredmethods="2"/>
          <line num="14" count="1" type="stmt"/>
          <line num="15" count="1" type="stmt"/>
          <line num="16" count="1" type="stmt"/>
          <line num="20" count="3" type="stmt"/>
        </file>
        <file name="VideoList.jsx" path="/Users/yassermahmud/class102/Labs/icb-month-5/icb-m5-lec1/Youtube Saga 2/src/js/components/VideoList.jsx">
          <metrics statements="13" coveredstatements="12" conditionals="6" coveredconditionals="5" methods="4" coveredmethods="3"/>
          <line num="10" count="1" type="stmt"/>
          <line num="12" count="1" type="stmt"/>
          <line num="13" count="2" type="stmt"/>
          <line num="22" count="3" type="stmt"/>
          <line num="24" count="3" type="cond" truecount="2" falsecount="0"/>
          <line num="25" count="1" type="stmt"/>
          <line num="26" count="2" type="cond" truecount="2" falsecount="0"/>
          <line num="27" count="1" type="stmt"/>
          <line num="29" count="1" type="stmt"/>
          <line num="32" count="3" type="stmt"/>
          <line num="36" count="2" type="stmt"/>
          <line num="51" count="2" type="stmt"/>
          <line num="56" count="0" type="stmt"/>
        </file>
        <file name="VideoListEntry.jsx" path="/Users/yassermahmud/class102/Labs/icb-month-5/icb-m5-lec1/Youtube Saga 2/src/js/components/VideoListEntry.jsx">
          <metrics statements="4" coveredstatements="4" conditionals="0" coveredconditionals="0" methods="2" coveredmethods="2"/>
          <line num="4" count="3" type="stmt"/>
          <line num="5" count="2" type="stmt"/>
          <line num="17" count="1" type="stmt"/>
          <line num="27" count="3" type="stmt"/>
        </file>
        <file name="VideoPlayer.jsx" path="/Users/yassermahmud/class102/Labs/icb-month-5/icb-m5-lec1/Youtube Saga 2/src/js/components/VideoPlayer.jsx">
          <metrics statements="6" coveredstatements="5" conditionals="6" coveredconditionals="6" methods="2" coveredmethods="1"/>
          <line num="5" count="2" type="stmt"/>
          <line num="8" count="2" type="cond" truecount="2" falsecount="0"/>
          <line num="9" count="1" type="stmt"/>
          <line num="14" count="2" type="stmt"/>
          <line num="38" count="2" type="stmt"/>
          <line num="51" count="0" type="stmt"/>
        </file>
      </package>
      <package name="src.js.config">
        <metrics statements="1" coveredstatements="1" conditionals="0" coveredconditionals="0" methods="0" coveredmethods="0"/>
        <file name="youtubekey.js" path="/Users/yassermahmud/class102/Labs/icb-month-5/icb-m5-lec1/Youtube Saga 2/src/js/config/youtubekey.js">
          <metrics statements="1" coveredstatements="1" conditionals="0" coveredconditionals="0" methods="0" coveredmethods="0"/>
          <line num="1" count="2" type="stmt"/>
        </file>
      </package>
      <package name="src.js.constants">
        <metrics statements="5" coveredstatements="5" conditionals="0" coveredconditionals="0" methods="0" coveredmethods="0"/>
        <file name="index.js" path="/Users/yassermahmud/class102/Labs/icb-month-5/icb-m5-lec1/Youtube Saga 2/src/js/constants/index.js">
          <metrics statements="5" coveredstatements="5" conditionals="0" coveredconditionals="0" methods="0" coveredmethods="0"/>
          <line num="1" count="7" type="stmt"/>
          <line num="2" count="7" type="stmt"/>
          <line num="3" count="7" type="stmt"/>
          <line num="4" count="7" type="stmt"/>
          <line num="5" count="7" type="stmt"/>
        </file>
      </package>
      <package name="src.js.reducers">
        <metrics statements="10" coveredstatements="10" conditionals="8" coveredconditionals="8" methods="2" coveredmethods="2"/>
        <file name="selectedVideoReducer.js" path="/Users/yassermahmud/class102/Labs/icb-month-5/icb-m5-lec1/Youtube Saga 2/src/js/reducers/selectedVideoReducer.js">
          <metrics statements="3" coveredstatements="3" conditionals="3" coveredconditionals="3" methods="1" coveredmethods="1"/>
          <line num="4" count="9" type="cond" truecount="2" falsecount="0"/>
          <line num="6" count="2" type="stmt"/>
          <line num="8" count="7" type="stmt"/>
        </file>
        <file name="videoListReducer.js" path="/Users/yassermahmud/class102/Labs/icb-month-5/icb-m5-lec1/Youtube Saga 2/src/js/reducers/videoListReducer.js">
          <metrics statements="7" coveredstatements="7" conditionals="5" coveredconditionals="5" methods="1" coveredmethods="1"/>
          <line num="7" count="2" type="stmt"/>
          <line num="16" count="11" type="cond" truecount="4" falsecount="0"/>
          <line num="18" count="3" type="stmt"/>
          <line num="20" count="3" type="stmt"/>
          <line num="21" count="3" type="stmt"/>
          <line num="23" count="1" type="stmt"/>
          <line num="25" count="4" type="stmt"/>
        </file>
      </package>
      <package name="src.js.sagas">
        <metrics statements="10" coveredstatements="10" conditionals="4" coveredconditionals="4" methods="1" coveredmethods="1"/>
        <file name="fetchVideosSaga.js" path="/Users/yassermahmud/class102/Labs/icb-month-5/icb-m5-lec1/Youtube Saga 2/src/js/sagas/fetchVideosSaga.js">
          <metrics statements="10" coveredstatements="10" conditionals="4" coveredconditionals="4" methods="1" coveredmethods="1"/>
          <line num="7" count="8" type="stmt"/>
          <line num="9" count="8" type="cond" truecount="2" falsecount="0"/>
          <line num="10" count="4" type="stmt"/>
          <line num="12" count="8" type="stmt"/>
          <line num="15" count="8" type="stmt"/>
          <line num="16" count="8" type="stmt"/>
          <line num="17" count="6" type="stmt"/>
          <line num="18" count="6" type="cond" truecount="2" falsecount="0"/>
          <line num="19" count="3" type="stmt"/>
          <line num="22" count="2" type="stmt"/>
        </file>
      </package>
      <package name="tests">
        <metrics statements="4" coveredstatements="4" conditionals="2" coveredconditionals="2" methods="1" coveredmethods="1"/>
        <file name="function1.js" path="/Users/yassermahmud/class102/Labs/icb-month-5/icb-m5-lec1/Youtube Saga 2/tests/function1.js">
          <metrics statements="4" coveredstatements="4" conditionals="2" coveredconditionals="2" methods="1" coveredmethods="1"/>
          <line num="11" count="2" type="cond" truecount="2" falsecount="0"/>
          <line num="12" count="1" type="stmt"/>
          <line num="14" count="1" type="stmt"/>
          <line num="17" count="1" type="stmt"/>
        </file>
      </package>
    </metrics>
  </project>
</coverage>
