{"/Users/yassermahmud/class102/Labs/icb-month-5/icb-m5-lec1/Youtube Saga 2/src/js/actions/index.js": {"path":"/Users/yassermahmud/class102/Labs/icb-month-5/icb-m5-lec1/Youtube Saga 2/src/js/actions/index.js","statementMap":{"0":{"start":{"line":5,"column":2},"end":{"line":7,"column":4}},"1":{"start":{"line":11,"column":2},"end":{"line":14,"column":4}},"2":{"start":{"line":18,"column":2},"end":{"line":21,"column":4}},"3":{"start":{"line":25,"column":2},"end":{"line":28,"column":4}},"4":{"start":{"line":32,"column":2},"end":{"line":38,"column":4}}},"fnMap":{"0":{"name":"fetchVideosAttempt","decl":{"start":{"line":4,"column":16},"end":{"line":4,"column":34}},"loc":{"start":{"line":4,"column":37},"end":{"line":8,"column":1}},"line":4},"1":{"name":"fetchVideosSuccess","decl":{"start":{"line":10,"column":16},"end":{"line":10,"column":34}},"loc":{"start":{"line":10,"column":43},"end":{"line":15,"column":1}},"line":10},"2":{"name":"fetchVideosFail","decl":{"start":{"line":17,"column":16},"end":{"line":17,"column":31}},"loc":{"start":{"line":17,"column":39},"end":{"line":22,"column":1}},"line":17},"3":{"name":"selectVideo","decl":{"start":{"line":24,"column":16},"end":{"line":24,"column":27}},"loc":{"start":{"line":24,"column":35},"end":{"line":29,"column":1}},"line":24},"4":{"name":"getVideos","decl":{"start":{"line":31,"column":16},"end":{"line":31,"column":25}},"loc":{"start":{"line":31,"column":42},"end":{"line":39,"column":1}},"line":31}},"branchMap":{},"s":{"0":15,"1":12,"2":8,"3":8,"4":12},"f":{"0":15,"1":12,"2":8,"3":8,"4":12},"b":{},"_coverageSchema":"332fd63041d2c1bcb487cc26dd0d5f7d97098a6c","hash":"ca527728197bc0b36550d9e750ea97298c29479d"}
,"/Users/yassermahmud/class102/Labs/icb-month-5/icb-m5-lec1/Youtube Saga 2/src/js/api/index.js": {"path":"/Users/yassermahmud/class102/Labs/icb-month-5/icb-m5-lec1/Youtube Saga 2/src/js/api/index.js","statementMap":{"0":{"start":{"line":4,"column":16},"end":{"line":4,"column":62}},"1":{"start":{"line":5,"column":14},"end":{"line":5,"column":80}},"2":{"start":{"line":6,"column":15},"end":{"line":6,"column":31}},"3":{"start":{"line":7,"column":14},"end":{"line":7,"column":31}},"4":{"start":{"line":8,"column":2},"end":{"line":8,"column":13}}},"fnMap":{"0":{"name":"youtube","decl":{"start":{"line":3,"column":22},"end":{"line":3,"column":29}},"loc":{"start":{"line":3,"column":37},"end":{"line":9,"column":1}},"line":3}},"branchMap":{},"s":{"0":0,"1":0,"2":0,"3":0,"4":0},"f":{"0":0},"b":{},"_coverageSchema":"332fd63041d2c1bcb487cc26dd0d5f7d97098a6c","hash":"f82ca4af5127660b4f19c3c0f5712f6630ef0421"}
,"/Users/yassermahmud/class102/Labs/icb-month-5/icb-m5-lec1/Youtube Saga 2/src/js/components/App.jsx": {"path":"/Users/yassermahmud/class102/Labs/icb-month-5/icb-m5-lec1/Youtube Saga 2/src/js/components/App.jsx","statementMap":{"0":{"start":{"line":16,"column":26},"end":{"line":16,"column":36}},"1":{"start":{"line":18,"column":4},"end":{"line":18,"column":34}},"2":{"start":{"line":22,"column":4},"end":{"line":32,"column":6}}},"fnMap":{"0":{"name":"(anonymous_0)","decl":{"start":{"line":15,"column":2},"end":{"line":15,"column":3}},"loc":{"start":{"line":15,"column":22},"end":{"line":19,"column":3}},"line":15},"1":{"name":"(anonymous_1)","decl":{"start":{"line":21,"column":2},"end":{"line":21,"column":3}},"loc":{"start":{"line":21,"column":11},"end":{"line":33,"column":3}},"line":21}},"branchMap":{},"s":{"0":2,"1":2,"2":2},"f":{"0":2,"1":2},"b":{},"_coverageSchema":"332fd63041d2c1bcb487cc26dd0d5f7d97098a6c","hash":"4d8b10882ac9fdaee7ef7f2e15938276a50355a3"}
,"/Users/yassermahmud/class102/Labs/icb-month-5/icb-m5-lec1/Youtube Saga 2/src/js/components/Nav.jsx": {"path":"/Users/yassermahmud/class102/Labs/icb-month-5/icb-m5-lec1/Youtube Saga 2/src/js/components/Nav.jsx","statementMap":{"0":{"start":{"line":8,"column":19},"end":{"line":12,"column":1}},"1":{"start":{"line":9,"column":2},"end":{"line":11,"column":8}},"2":{"start":{"line":14,"column":0},"end":{"line":16,"column":2}}},"fnMap":{"0":{"name":"(anonymous_0)","decl":{"start":{"line":8,"column":19},"end":{"line":8,"column":20}},"loc":{"start":{"line":9,"column":2},"end":{"line":11,"column":8}},"line":9}},"branchMap":{},"s":{"0":2,"1":2,"2":2},"f":{"0":2},"b":{},"_coverageSchema":"332fd63041d2c1bcb487cc26dd0d5f7d97098a6c","hash":"ec42c889653fe3620e14405bc09d4cd7355c39df"}
,"/Users/yassermahmud/class102/Labs/icb-month-5/icb-m5-lec1/Youtube Saga 2/src/js/components/Search.jsx": {"path":"/Users/yassermahmud/class102/Labs/icb-month-5/icb-m5-lec1/Youtube Saga 2/src/js/components/Search.jsx","statementMap":{"0":{"start":{"line":14,"column":26},"end":{"line":14,"column":36}},"1":{"start":{"line":15,"column":4},"end":{"line":15,"column":45}},"2":{"start":{"line":16,"column":4},"end":{"line":16,"column":30}},"3":{"start":{"line":20,"column":4},"end":{"line":32,"column":6}}},"fnMap":{"0":{"name":"(anonymous_0)","decl":{"start":{"line":13,"column":17},"end":{"line":13,"column":18}},"loc":{"start":{"line":13,"column":22},"end":{"line":17,"column":3}},"line":13},"1":{"name":"(anonymous_1)","decl":{"start":{"line":19,"column":2},"end":{"line":19,"column":3}},"loc":{"start":{"line":19,"column":11},"end":{"line":33,"column":3}},"line":19}},"branchMap":{},"s":{"0":1,"1":1,"2":1,"3":3},"f":{"0":1,"1":3},"b":{},"_coverageSchema":"332fd63041d2c1bcb487cc26dd0d5f7d97098a6c","hash":"b95d86eb4166fdedf26fdaa4a35a99c79281835c"}
,"/Users/yassermahmud/class102/Labs/icb-month-5/icb-m5-lec1/Youtube Saga 2/src/js/components/VideoList.jsx": {"path":"/Users/yassermahmud/class102/Labs/icb-month-5/icb-m5-lec1/Youtube Saga 2/src/js/components/VideoList.jsx","statementMap":{"0":{"start":{"line":10,"column":39},"end":{"line":10,"column":49}},"1":{"start":{"line":12,"column":4},"end":{"line":18,"column":7}},"2":{"start":{"line":13,"column":6},"end":{"line":17,"column":8}},"3":{"start":{"line":22,"column":33},"end":{"line":22,"column":43}},"4":{"start":{"line":24,"column":4},"end":{"line":30,"column":5}},"5":{"start":{"line":25,"column":6},"end":{"line":25,"column":47}},"6":{"start":{"line":26,"column":11},"end":{"line":30,"column":5}},"7":{"start":{"line":27,"column":6},"end":{"line":27,"column":43}},"8":{"start":{"line":29,"column":6},"end":{"line":29,"column":34}},"9":{"start":{"line":32,"column":4},"end":{"line":32,"column":54}},"10":{"start":{"line":36,"column":0},"end":{"line":49,"column":2}},"11":{"start":{"line":51,"column":0},"end":{"line":53,"column":2}},"12":{"start":{"line":56,"column":2},"end":{"line":60,"column":4}}},"fnMap":{"0":{"name":"(anonymous_0)","decl":{"start":{"line":9,"column":2},"end":{"line":9,"column":3}},"loc":{"start":{"line":9,"column":15},"end":{"line":19,"column":3}},"line":9},"1":{"name":"(anonymous_1)","decl":{"start":{"line":12,"column":25},"end":{"line":12,"column":26}},"loc":{"start":{"line":13,"column":6},"end":{"line":17,"column":8}},"line":13},"2":{"name":"(anonymous_2)","decl":{"start":{"line":21,"column":2},"end":{"line":21,"column":3}},"loc":{"start":{"line":21,"column":11},"end":{"line":33,"column":3}},"line":21},"3":{"name":"mapStateToProps","decl":{"start":{"line":55,"column":9},"end":{"line":55,"column":24}},"loc":{"start":{"line":55,"column":40},"end":{"line":61,"column":1}},"line":55}},"branchMap":{"0":{"loc":{"start":{"line":14,"column":13},"end":{"line":14,"column":50}},"type":"binary-expr","locations":[{"start":{"line":14,"column":13},"end":{"line":14,"column":28}},{"start":{"line":14,"column":32},"end":{"line":14,"column":50}}],"line":14},"1":{"loc":{"start":{"line":24,"column":4},"end":{"line":30,"column":5}},"type":"if","locations":[{"start":{"line":24,"column":4},"end":{"line":30,"column":5}},{"start":{"line":24,"column":4},"end":{"line":30,"column":5}}],"line":24},"2":{"loc":{"start":{"line":26,"column":11},"end":{"line":30,"column":5}},"type":"if","locations":[{"start":{"line":26,"column":11},"end":{"line":30,"column":5}},{"start":{"line":26,"column":11},"end":{"line":30,"column":5}}],"line":26}},"s":{"0":1,"1":1,"2":2,"3":3,"4":3,"5":1,"6":2,"7":1,"8":1,"9":3,"10":2,"11":2,"12":0},"f":{"0":1,"1":2,"2":3,"3":0},"b":{"0":[2,0],"1":[1,2],"2":[1,1]},"_coverageSchema":"332fd63041d2c1bcb487cc26dd0d5f7d97098a6c","hash":"e8777d0301d779393220f47b1c88320bf6e74ebc"}
,"/Users/yassermahmud/class102/Labs/icb-month-5/icb-m5-lec1/Youtube Saga 2/src/js/components/VideoListEntry.jsx": {"path":"/Users/yassermahmud/class102/Labs/icb-month-5/icb-m5-lec1/Youtube Saga 2/src/js/components/VideoListEntry.jsx","statementMap":{"0":{"start":{"line":4,"column":23},"end":{"line":25,"column":1}},"1":{"start":{"line":5,"column":2},"end":{"line":24,"column":8}},"2":{"start":{"line":17,"column":25},"end":{"line":17,"column":51}},"3":{"start":{"line":27,"column":0},"end":{"line":41,"column":2}}},"fnMap":{"0":{"name":"(anonymous_0)","decl":{"start":{"line":4,"column":23},"end":{"line":4,"column":24}},"loc":{"start":{"line":5,"column":2},"end":{"line":24,"column":8}},"line":5},"1":{"name":"(anonymous_1)","decl":{"start":{"line":17,"column":19},"end":{"line":17,"column":20}},"loc":{"start":{"line":17,"column":25},"end":{"line":17,"column":51}},"line":17}},"branchMap":{},"s":{"0":3,"1":2,"2":1,"3":3},"f":{"0":2,"1":1},"b":{},"_coverageSchema":"332fd63041d2c1bcb487cc26dd0d5f7d97098a6c","hash":"41ade14d04515335b5fbad39daf202e47230fbf9"}
,"/Users/yassermahmud/class102/Labs/icb-month-5/icb-m5-lec1/Youtube Saga 2/src/js/components/VideoPlayer.jsx": {"path":"/Users/yassermahmud/class102/Labs/icb-month-5/icb-m5-lec1/Youtube Saga 2/src/js/components/VideoPlayer.jsx","statementMap":{"0":{"start":{"line":5,"column":27},"end":{"line":36,"column":1}},"1":{"start":{"line":8,"column":2},"end":{"line":12,"column":3}},"2":{"start":{"line":9,"column":4},"end":{"line":11,"column":7}},"3":{"start":{"line":14,"column":2},"end":{"line":35,"column":4}},"4":{"start":{"line":38,"column":0},"end":{"line":48,"column":2}},"5":{"start":{"line":51,"column":2},"end":{"line":53,"column":4}}},"fnMap":{"0":{"name":"(anonymous_0)","decl":{"start":{"line":5,"column":27},"end":{"line":5,"column":28}},"loc":{"start":{"line":5,"column":50},"end":{"line":36,"column":1}},"line":5},"1":{"name":"mapStateToProps","decl":{"start":{"line":50,"column":9},"end":{"line":50,"column":24}},"loc":{"start":{"line":50,"column":44},"end":{"line":54,"column":1}},"line":50}},"branchMap":{"0":{"loc":{"start":{"line":8,"column":2},"end":{"line":12,"column":3}},"type":"if","locations":[{"start":{"line":8,"column":2},"end":{"line":12,"column":3}},{"start":{"line":8,"column":2},"end":{"line":12,"column":3}}],"line":8},"1":{"loc":{"start":{"line":26,"column":11},"end":{"line":26,"column":79}},"type":"cond-expr","locations":[{"start":{"line":26,"column":47},"end":{"line":26,"column":74}},{"start":{"line":26,"column":77},"end":{"line":26,"column":79}}],"line":26},"2":{"loc":{"start":{"line":29,"column":11},"end":{"line":31,"column":16}},"type":"cond-expr","locations":[{"start":{"line":30,"column":14},"end":{"line":30,"column":47}},{"start":{"line":31,"column":14},"end":{"line":31,"column":16}}],"line":29}},"s":{"0":2,"1":2,"2":1,"3":2,"4":2,"5":0},"f":{"0":2,"1":0},"b":{"0":[1,1],"1":[1,1],"2":[1,1]},"_coverageSchema":"332fd63041d2c1bcb487cc26dd0d5f7d97098a6c","hash":"2487d50ec6dc0cb99c3f31b45a1ff1cd9f4bbd7a"}
,"/Users/yassermahmud/class102/Labs/icb-month-5/icb-m5-lec1/Youtube Saga 2/src/js/config/youtubekey.js": {"path":"/Users/yassermahmud/class102/Labs/icb-month-5/icb-m5-lec1/Youtube Saga 2/src/js/config/youtubekey.js","statementMap":{"0":{"start":{"line":1,"column":20},"end":{"line":1,"column":61}}},"fnMap":{},"branchMap":{},"s":{"0":2},"f":{},"b":{},"_coverageSchema":"332fd63041d2c1bcb487cc26dd0d5f7d97098a6c","hash":"967ab509340d9746d9b9b42b84462cbb11a05976"}
,"/Users/yassermahmud/class102/Labs/icb-month-5/icb-m5-lec1/Youtube Saga 2/src/js/constants/index.js": {"path":"/Users/yassermahmud/class102/Labs/icb-month-5/icb-m5-lec1/Youtube Saga 2/src/js/constants/index.js","statementMap":{"0":{"start":{"line":1,"column":28},"end":{"line":1,"column":42}},"1":{"start":{"line":2,"column":36},"end":{"line":2,"column":58}},"2":{"start":{"line":3,"column":36},"end":{"line":3,"column":58}},"3":{"start":{"line":4,"column":33},"end":{"line":4,"column":52}},"4":{"start":{"line":5,"column":28},"end":{"line":5,"column":42}}},"fnMap":{},"branchMap":{},"s":{"0":7,"1":7,"2":7,"3":7,"4":7},"f":{},"b":{},"_coverageSchema":"332fd63041d2c1bcb487cc26dd0d5f7d97098a6c","hash":"95fa20c4d718838df02c1843b52aaf303a3d4b02"}
,"/Users/yassermahmud/class102/Labs/icb-month-5/icb-m5-lec1/Youtube Saga 2/src/js/reducers/selectedVideoReducer.js": {"path":"/Users/yassermahmud/class102/Labs/icb-month-5/icb-m5-lec1/Youtube Saga 2/src/js/reducers/selectedVideoReducer.js","statementMap":{"0":{"start":{"line":4,"column":2},"end":{"line":9,"column":3}},"1":{"start":{"line":6,"column":6},"end":{"line":6,"column":28}},"2":{"start":{"line":8,"column":6},"end":{"line":8,"column":19}}},"fnMap":{"0":{"name":"(anonymous_0)","decl":{"start":{"line":3,"column":15},"end":{"line":3,"column":16}},"loc":{"start":{"line":3,"column":44},"end":{"line":10,"column":1}},"line":3}},"branchMap":{"0":{"loc":{"start":{"line":3,"column":24},"end":{"line":3,"column":34}},"type":"default-arg","locations":[{"start":{"line":3,"column":32},"end":{"line":3,"column":34}}],"line":3},"1":{"loc":{"start":{"line":4,"column":2},"end":{"line":9,"column":3}},"type":"switch","locations":[{"start":{"line":5,"column":4},"end":{"line":6,"column":28}},{"start":{"line":7,"column":4},"end":{"line":8,"column":19}}],"line":4}},"s":{"0":9,"1":2,"2":7},"f":{"0":9},"b":{"0":[3],"1":[2,7]},"_coverageSchema":"332fd63041d2c1bcb487cc26dd0d5f7d97098a6c","hash":"2a3859bd8731fa2a8e9cd02624259ab32c07e3d7"}
,"/Users/yassermahmud/class102/Labs/icb-month-5/icb-m5-lec1/Youtube Saga 2/src/js/reducers/videoListReducer.js": {"path":"/Users/yassermahmud/class102/Labs/icb-month-5/icb-m5-lec1/Youtube Saga 2/src/js/reducers/videoListReducer.js","statementMap":{"0":{"start":{"line":7,"column":16},"end":{"line":11,"column":1}},"1":{"start":{"line":16,"column":2},"end":{"line":26,"column":3}},"2":{"start":{"line":18,"column":6},"end":{"line":18,"column":43}},"3":{"start":{"line":20,"column":6},"end":{"line":20,"column":36}},"4":{"start":{"line":21,"column":6},"end":{"line":21,"column":65}},"5":{"start":{"line":23,"column":6},"end":{"line":23,"column":67}},"6":{"start":{"line":25,"column":6},"end":{"line":25,"column":19}}},"fnMap":{"0":{"name":"(anonymous_0)","decl":{"start":{"line":13,"column":15},"end":{"line":13,"column":16}},"loc":{"start":{"line":13,"column":49},"end":{"line":27,"column":1}},"line":13}},"branchMap":{"0":{"loc":{"start":{"line":13,"column":24},"end":{"line":13,"column":39}},"type":"default-arg","locations":[{"start":{"line":13,"column":32},"end":{"line":13,"column":39}}],"line":13},"1":{"loc":{"start":{"line":16,"column":2},"end":{"line":26,"column":3}},"type":"switch","locations":[{"start":{"line":17,"column":4},"end":{"line":18,"column":43}},{"start":{"line":19,"column":4},"end":{"line":21,"column":65}},{"start":{"line":22,"column":4},"end":{"line":23,"column":67}},{"start":{"line":24,"column":4},"end":{"line":25,"column":19}}],"line":16}},"s":{"0":2,"1":11,"2":3,"3":3,"4":3,"5":1,"6":4},"f":{"0":11},"b":{"0":[3],"1":[3,3,1,4]},"_coverageSchema":"332fd63041d2c1bcb487cc26dd0d5f7d97098a6c","hash":"78a94a11b3cba6b4f4e0495586e87eca75fe4022"}
,"/Users/yassermahmud/class102/Labs/icb-month-5/icb-m5-lec1/Youtube Saga 2/src/js/sagas/fetchVideosSaga.js": {"path":"/Users/yassermahmud/class102/Labs/icb-month-5/icb-m5-lec1/Youtube Saga 2/src/js/sagas/fetchVideosSaga.js","statementMap":{"0":{"start":{"line":7,"column":29},"end":{"line":7,"column":43}},"1":{"start":{"line":9,"column":2},"end":{"line":11,"column":3}},"2":{"start":{"line":10,"column":4},"end":{"line":10,"column":28}},"3":{"start":{"line":12,"column":2},"end":{"line":12,"column":42}},"4":{"start":{"line":15,"column":2},"end":{"line":23,"column":3}},"5":{"start":{"line":16,"column":16},"end":{"line":16,"column":46}},"6":{"start":{"line":17,"column":4},"end":{"line":17,"column":47}},"7":{"start":{"line":18,"column":4},"end":{"line":20,"column":5}},"8":{"start":{"line":19,"column":6},"end":{"line":19,"column":51}},"9":{"start":{"line":22,"column":4},"end":{"line":22,"column":42}}},"fnMap":{"0":{"name":"fetchVideosSaga","decl":{"start":{"line":6,"column":25},"end":{"line":6,"column":40}},"loc":{"start":{"line":6,"column":49},"end":{"line":24,"column":1}},"line":6}},"branchMap":{"0":{"loc":{"start":{"line":9,"column":2},"end":{"line":11,"column":3}},"type":"if","locations":[{"start":{"line":9,"column":2},"end":{"line":11,"column":3}},{"start":{"line":9,"column":2},"end":{"line":11,"column":3}}],"line":9},"1":{"loc":{"start":{"line":18,"column":4},"end":{"line":20,"column":5}},"type":"if","locations":[{"start":{"line":18,"column":4},"end":{"line":20,"column":5}},{"start":{"line":18,"column":4},"end":{"line":20,"column":5}}],"line":18}},"s":{"0":8,"1":8,"2":4,"3":8,"4":8,"5":8,"6":6,"7":6,"8":3,"9":2},"f":{"0":8},"b":{"0":[4,4],"1":[3,3]},"_coverageSchema":"332fd63041d2c1bcb487cc26dd0d5f7d97098a6c","hash":"6d743337fe2e4b0f632d140ac0f39133cbd93d01"}
,"/Users/yassermahmud/class102/Labs/icb-month-5/icb-m5-lec1/Youtube Saga 2/tests/function1.js": {"path":"/Users/yassermahmud/class102/Labs/icb-month-5/icb-m5-lec1/Youtube Saga 2/tests/function1.js","statementMap":{"0":{"start":{"line":11,"column":2},"end":{"line":13,"column":3}},"1":{"start":{"line":12,"column":4},"end":{"line":12,"column":42}},"2":{"start":{"line":14,"column":2},"end":{"line":14,"column":15}},"3":{"start":{"line":17,"column":0},"end":{"line":17,"column":24}}},"fnMap":{"0":{"name":"divide","decl":{"start":{"line":10,"column":9},"end":{"line":10,"column":15}},"loc":{"start":{"line":10,"column":22},"end":{"line":15,"column":1}},"line":10}},"branchMap":{"0":{"loc":{"start":{"line":11,"column":2},"end":{"line":13,"column":3}},"type":"if","locations":[{"start":{"line":11,"column":2},"end":{"line":13,"column":3}},{"start":{"line":11,"column":2},"end":{"line":13,"column":3}}],"line":11}},"s":{"0":2,"1":1,"2":1,"3":1},"f":{"0":2},"b":{"0":[1,1]},"_coverageSchema":"332fd63041d2c1bcb487cc26dd0d5f7d97098a6c","hash":"3f99d153ea3abc48ec59e7fa7a0440902dcc41f0"}
}
