TN:
SF:/Users/yassermahmud/class102/Labs/icb-month-5/icb-m5-lec1/Youtube Saga 2/src/js/actions/index.js
FN:4,fetchVideosAttempt
FN:10,fetchVideosSuccess
FN:17,fetchVideosFail
FN:24,selectVideo
FN:31,getVideos
FNF:5
FNH:5
FNDA:15,fetchVideosAttempt
FNDA:12,fetchVideosSuccess
FNDA:8,fetchVideosFail
FNDA:8,selectVideo
FNDA:12,getVideos
DA:5,15
DA:11,12
DA:18,8
DA:25,8
DA:32,12
LF:5
LH:5
BRF:0
BRH:0
end_of_record
TN:
SF:/Users/yassermahmud/class102/Labs/icb-month-5/icb-m5-lec1/Youtube Saga 2/src/js/api/index.js
FN:3,youtube
FNF:1
FNH:0
FNDA:0,youtube
DA:4,0
DA:5,0
DA:6,0
DA:7,0
DA:8,0
LF:5
LH:0
BRF:0
BRH:0
end_of_record
TN:
SF:/Users/yassermahmud/class102/Labs/icb-month-5/icb-m5-lec1/Youtube Saga 2/src/js/components/App.jsx
FN:15,(anonymous_0)
FN:21,(anonymous_1)
FNF:2
FNH:2
FNDA:2,(anonymous_0)
FNDA:2,(anonymous_1)
DA:16,2
DA:18,2
DA:22,2
LF:3
LH:3
BRF:0
BRH:0
end_of_record
TN:
SF:/Users/yassermahmud/class102/Labs/icb-month-5/icb-m5-lec1/Youtube Saga 2/src/js/components/Nav.jsx
FN:8,(anonymous_0)
FNF:1
FNH:1
FNDA:2,(anonymous_0)
DA:8,2
DA:9,2
DA:14,2
LF:3
LH:3
BRF:0
BRH:0
end_of_record
TN:
SF:/Users/yassermahmud/class102/Labs/icb-month-5/icb-m5-lec1/Youtube Saga 2/src/js/components/Search.jsx
FN:13,(anonymous_0)
FN:19,(anonymous_1)
FNF:2
FNH:2
FNDA:1,(anonymous_0)
FNDA:3,(anonymous_1)
DA:14,1
DA:15,1
DA:16,1
DA:20,3
LF:4
LH:4
BRF:0
BRH:0
end_of_record
TN:
SF:/Users/yassermahmud/class102/Labs/icb-month-5/icb-m5-lec1/Youtube Saga 2/src/js/components/VideoList.jsx
FN:9,(anonymous_0)
FN:12,(anonymous_1)
FN:21,(anonymous_2)
FN:55,mapStateToProps
FNF:4
FNH:3
FNDA:1,(anonymous_0)
FNDA:2,(anonymous_1)
FNDA:3,(anonymous_2)
FNDA:0,mapStateToProps
DA:10,1
DA:12,1
DA:13,2
DA:22,3
DA:24,3
DA:25,1
DA:26,2
DA:27,1
DA:29,1
DA:32,3
DA:36,2
DA:51,2
DA:56,0
LF:13
LH:12
BRDA:14,0,0,2
BRDA:14,0,1,0
BRDA:24,1,0,1
BRDA:24,1,1,2
BRDA:26,2,0,1
BRDA:26,2,1,1
BRF:6
BRH:5
end_of_record
TN:
SF:/Users/yassermahmud/class102/Labs/icb-month-5/icb-m5-lec1/Youtube Saga 2/src/js/components/VideoListEntry.jsx
FN:4,(anonymous_0)
FN:17,(anonymous_1)
FNF:2
FNH:2
FNDA:2,(anonymous_0)
FNDA:1,(anonymous_1)
DA:4,3
DA:5,2
DA:17,1
DA:27,3
LF:4
LH:4
BRF:0
BRH:0
end_of_record
TN:
SF:/Users/yassermahmud/class102/Labs/icb-month-5/icb-m5-lec1/Youtube Saga 2/src/js/components/VideoPlayer.jsx
FN:5,(anonymous_0)
FN:50,mapStateToProps
FNF:2
FNH:1
FNDA:2,(anonymous_0)
FNDA:0,mapStateToProps
DA:5,2
DA:8,2
DA:9,1
DA:14,2
DA:38,2
DA:51,0
LF:6
LH:5
BRDA:8,0,0,1
BRDA:8,0,1,1
BRDA:26,1,0,1
BRDA:26,1,1,1
BRDA:29,2,0,1
BRDA:29,2,1,1
BRF:6
BRH:6
end_of_record
TN:
SF:/Users/yassermahmud/class102/Labs/icb-month-5/icb-m5-lec1/Youtube Saga 2/src/js/config/youtubekey.js
FNF:0
FNH:0
DA:1,2
LF:1
LH:1
BRF:0
BRH:0
end_of_record
TN:
SF:/Users/yassermahmud/class102/Labs/icb-month-5/icb-m5-lec1/Youtube Saga 2/src/js/constants/index.js
FNF:0
FNH:0
DA:1,7
DA:2,7
DA:3,7
DA:4,7
DA:5,7
LF:5
LH:5
BRF:0
BRH:0
end_of_record
TN:
SF:/Users/yassermahmud/class102/Labs/icb-month-5/icb-m5-lec1/Youtube Saga 2/src/js/reducers/selectedVideoReducer.js
FN:3,(anonymous_0)
FNF:1
FNH:1
FNDA:9,(anonymous_0)
DA:4,9
DA:6,2
DA:8,7
LF:3
LH:3
BRDA:3,0,0,3
BRDA:4,1,0,2
BRDA:4,1,1,7
BRF:3
BRH:3
end_of_record
TN:
SF:/Users/yassermahmud/class102/Labs/icb-month-5/icb-m5-lec1/Youtube Saga 2/src/js/reducers/videoListReducer.js
FN:13,(anonymous_0)
FNF:1
FNH:1
FNDA:11,(anonymous_0)
DA:7,2
DA:16,11
DA:18,3
DA:20,3
DA:21,3
DA:23,1
DA:25,4
LF:7
LH:7
BRDA:13,0,0,3
BRDA:16,1,0,3
BRDA:16,1,1,3
BRDA:16,1,2,1
BRDA:16,1,3,4
BRF:5
BRH:5
end_of_record
TN:
SF:/Users/yassermahmud/class102/Labs/icb-month-5/icb-m5-lec1/Youtube Saga 2/src/js/sagas/fetchVideosSaga.js
FN:6,fetchVideosSaga
FNF:1
FNH:1
FNDA:8,fetchVideosSaga
DA:7,8
DA:9,8
DA:10,4
DA:12,8
DA:15,8
DA:16,8
DA:17,6
DA:18,6
DA:19,3
DA:22,2
LF:10
LH:10
BRDA:9,0,0,4
BRDA:9,0,1,4
BRDA:18,1,0,3
BRDA:18,1,1,3
BRF:4
BRH:4
end_of_record
TN:
SF:/Users/yassermahmud/class102/Labs/icb-month-5/icb-m5-lec1/Youtube Saga 2/tests/function1.js
FN:10,divide
FNF:1
FNH:1
FNDA:2,divide
DA:11,2
DA:12,1
DA:14,1
DA:17,1
LF:4
LH:4
BRDA:11,0,0,1
BRDA:11,0,1,1
BRF:2
BRH:2
end_of_record
